<?xml version='1.0' encoding='UTF-8' ?>
<testsuite name="com.example.lunchtray.MenuContentTests" tests="3" failures="0" errors="0" skipped="0" time="4.042" timestamp="2022-10-18T13:12:51" hostname="localhost">
  <properties>
    <property name="device" value="Pixel_C_API_29(AVD) - 10" />
    <property name="flavor" value="" />
    <property name="project" value=":app" />
  </properties>
  <testcase name="side_menu_item_content" classname="com.example.lunchtray.MenuContentTests" time="1.348" />
  <testcase name="entree_menu_item_content" classname="com.example.lunchtray.MenuContentTests" time="0.361" />
  <testcase name="accompaniment_menu_item_content" classname="com.example.lunchtray.MenuContentTests" time="0.309" />
</testsuite>